CRITICAL - 2021-11-30 00:08:29 --> Undefined variable: data
#0 C:\xampp\htdocs\pendataan\app\Views\dashboard\edit.php(50): CodeIgniter\Debug\Exceptions->errorHandler(8, 'Undefined varia...', 'C:\\xampp\\htdocs...', 50, Array)
#1 C:\xampp\htdocs\pendataan\system\View\View.php(214): include('C:\\xampp\\htdocs...')
#2 C:\xampp\htdocs\pendataan\system\View\View.php(217): CodeIgniter\View\View->CodeIgniter\View\{closure}()
#3 C:\xampp\htdocs\pendataan\system\Common.php(1097): CodeIgniter\View\View->render('dashboard/edit', Array, true)
#4 C:\xampp\htdocs\pendataan\app\Controllers\Dashboard.php(55): view('dashboard/edit', Array)
#5 C:\xampp\htdocs\pendataan\system\CodeIgniter.php(824): App\Controllers\Dashboard->edit('1')
#6 C:\xampp\htdocs\pendataan\system\CodeIgniter.php(410): CodeIgniter\CodeIgniter->runController(Object(App\Controllers\Dashboard))
#7 C:\xampp\htdocs\pendataan\system\CodeIgniter.php(318): CodeIgniter\CodeIgniter->handleRequest(NULL, Object(Config\Cache), false)
#8 C:\xampp\htdocs\pendataan\public\index.php(37): CodeIgniter\CodeIgniter->run()
#9 C:\xampp\htdocs\pendataan\system\Commands\Server\rewrite.php(43): require_once('C:\\xampp\\htdocs...')
#10 {main}
CRITICAL - 2021-11-30 00:15:28 --> syntax error, unexpected '}', expecting end of file
#0 C:\xampp\htdocs\pendataan\system\View\View.php(217): CodeIgniter\View\View->CodeIgniter\View\{closure}()
#1 C:\xampp\htdocs\pendataan\system\Common.php(1097): CodeIgniter\View\View->render('dashboard/edit', Array, true)
#2 C:\xampp\htdocs\pendataan\app\Controllers\Dashboard.php(55): view('dashboard/edit', Array)
#3 C:\xampp\htdocs\pendataan\system\CodeIgniter.php(824): App\Controllers\Dashboard->edit('1')
#4 C:\xampp\htdocs\pendataan\system\CodeIgniter.php(410): CodeIgniter\CodeIgniter->runController(Object(App\Controllers\Dashboard))
#5 C:\xampp\htdocs\pendataan\system\CodeIgniter.php(318): CodeIgniter\CodeIgniter->handleRequest(NULL, Object(Config\Cache), false)
#6 C:\xampp\htdocs\pendataan\public\index.php(37): CodeIgniter\CodeIgniter->run()
#7 C:\xampp\htdocs\pendataan\system\Commands\Server\rewrite.php(43): require_once('C:\\xampp\\htdocs...')
#8 {main}
CRITICAL - 2021-11-30 00:15:53 --> Undefined variable: row
#0 C:\xampp\htdocs\pendataan\app\Views\dashboard\edit.php(50): CodeIgniter\Debug\Exceptions->errorHandler(8, 'Undefined varia...', 'C:\\xampp\\htdocs...', 50, Array)
#1 C:\xampp\htdocs\pendataan\system\View\View.php(214): include('C:\\xampp\\htdocs...')
#2 C:\xampp\htdocs\pendataan\system\View\View.php(217): CodeIgniter\View\View->CodeIgniter\View\{closure}()
#3 C:\xampp\htdocs\pendataan\system\Common.php(1097): CodeIgniter\View\View->render('dashboard/edit', Array, true)
#4 C:\xampp\htdocs\pendataan\app\Controllers\Dashboard.php(55): view('dashboard/edit', Array)
#5 C:\xampp\htdocs\pendataan\system\CodeIgniter.php(824): App\Controllers\Dashboard->edit('1')
#6 C:\xampp\htdocs\pendataan\system\CodeIgniter.php(410): CodeIgniter\CodeIgniter->runController(Object(App\Controllers\Dashboard))
#7 C:\xampp\htdocs\pendataan\system\CodeIgniter.php(318): CodeIgniter\CodeIgniter->handleRequest(NULL, Object(Config\Cache), false)
#8 C:\xampp\htdocs\pendataan\public\index.php(37): CodeIgniter\CodeIgniter->run()
#9 C:\xampp\htdocs\pendataan\system\Commands\Server\rewrite.php(43): require_once('C:\\xampp\\htdocs...')
#10 {main}
CRITICAL - 2021-11-30 00:16:24 --> Trying to get property 'videotype' of non-object
#0 C:\xampp\htdocs\pendataan\app\Views\dashboard\edit.php(50): CodeIgniter\Debug\Exceptions->errorHandler(8, 'Trying to get p...', 'C:\\xampp\\htdocs...', 50, Array)
#1 C:\xampp\htdocs\pendataan\system\View\View.php(214): include('C:\\xampp\\htdocs...')
#2 C:\xampp\htdocs\pendataan\system\View\View.php(217): CodeIgniter\View\View->CodeIgniter\View\{closure}()
#3 C:\xampp\htdocs\pendataan\system\Common.php(1097): CodeIgniter\View\View->render('dashboard/edit', Array, true)
#4 C:\xampp\htdocs\pendataan\app\Controllers\Dashboard.php(55): view('dashboard/edit', Array)
#5 C:\xampp\htdocs\pendataan\system\CodeIgniter.php(824): App\Controllers\Dashboard->edit('1')
#6 C:\xampp\htdocs\pendataan\system\CodeIgniter.php(410): CodeIgniter\CodeIgniter->runController(Object(App\Controllers\Dashboard))
#7 C:\xampp\htdocs\pendataan\system\CodeIgniter.php(318): CodeIgniter\CodeIgniter->handleRequest(NULL, Object(Config\Cache), false)
#8 C:\xampp\htdocs\pendataan\public\index.php(37): CodeIgniter\CodeIgniter->run()
#9 C:\xampp\htdocs\pendataan\system\Commands\Server\rewrite.php(43): require_once('C:\\xampp\\htdocs...')
#10 {main}
CRITICAL - 2021-11-30 00:16:42 --> Trying to get property 'videotype' of non-object
#0 C:\xampp\htdocs\pendataan\app\Views\dashboard\edit.php(50): CodeIgniter\Debug\Exceptions->errorHandler(8, 'Trying to get p...', 'C:\\xampp\\htdocs...', 50, Array)
#1 C:\xampp\htdocs\pendataan\system\View\View.php(214): include('C:\\xampp\\htdocs...')
#2 C:\xampp\htdocs\pendataan\system\View\View.php(217): CodeIgniter\View\View->CodeIgniter\View\{closure}()
#3 C:\xampp\htdocs\pendataan\system\Common.php(1097): CodeIgniter\View\View->render('dashboard/edit', Array, true)
#4 C:\xampp\htdocs\pendataan\app\Controllers\Dashboard.php(55): view('dashboard/edit', Array)
#5 C:\xampp\htdocs\pendataan\system\CodeIgniter.php(824): App\Controllers\Dashboard->edit('1')
#6 C:\xampp\htdocs\pendataan\system\CodeIgniter.php(410): CodeIgniter\CodeIgniter->runController(Object(App\Controllers\Dashboard))
#7 C:\xampp\htdocs\pendataan\system\CodeIgniter.php(318): CodeIgniter\CodeIgniter->handleRequest(NULL, Object(Config\Cache), false)
#8 C:\xampp\htdocs\pendataan\public\index.php(37): CodeIgniter\CodeIgniter->run()
#9 C:\xampp\htdocs\pendataan\system\Commands\Server\rewrite.php(43): require_once('C:\\xampp\\htdocs...')
#10 {main}
CRITICAL - 2021-11-30 00:17:03 --> Trying to get property 'videotype' of non-object
#0 C:\xampp\htdocs\pendataan\app\Views\dashboard\edit.php(50): CodeIgniter\Debug\Exceptions->errorHandler(8, 'Trying to get p...', 'C:\\xampp\\htdocs...', 50, Array)
#1 C:\xampp\htdocs\pendataan\system\View\View.php(214): include('C:\\xampp\\htdocs...')
#2 C:\xampp\htdocs\pendataan\system\View\View.php(217): CodeIgniter\View\View->CodeIgniter\View\{closure}()
#3 C:\xampp\htdocs\pendataan\system\Common.php(1097): CodeIgniter\View\View->render('dashboard/edit', Array, true)
#4 C:\xampp\htdocs\pendataan\app\Controllers\Dashboard.php(55): view('dashboard/edit', Array)
#5 C:\xampp\htdocs\pendataan\system\CodeIgniter.php(824): App\Controllers\Dashboard->edit('1')
#6 C:\xampp\htdocs\pendataan\system\CodeIgniter.php(410): CodeIgniter\CodeIgniter->runController(Object(App\Controllers\Dashboard))
#7 C:\xampp\htdocs\pendataan\system\CodeIgniter.php(318): CodeIgniter\CodeIgniter->handleRequest(NULL, Object(Config\Cache), false)
#8 C:\xampp\htdocs\pendataan\public\index.php(37): CodeIgniter\CodeIgniter->run()
#9 C:\xampp\htdocs\pendataan\system\Commands\Server\rewrite.php(43): require_once('C:\\xampp\\htdocs...')
#10 {main}
CRITICAL - 2021-11-30 00:29:26 --> Call to undefined function set_radio()
#0 C:\xampp\htdocs\pendataan\system\View\View.php(214): include()
#1 C:\xampp\htdocs\pendataan\system\View\View.php(217): CodeIgniter\View\View->CodeIgniter\View\{closure}()
#2 C:\xampp\htdocs\pendataan\system\Common.php(1097): CodeIgniter\View\View->render('dashboard/edit', Array, true)
#3 C:\xampp\htdocs\pendataan\app\Controllers\Dashboard.php(55): view('dashboard/edit', Array)
#4 C:\xampp\htdocs\pendataan\system\CodeIgniter.php(824): App\Controllers\Dashboard->edit('1')
#5 C:\xampp\htdocs\pendataan\system\CodeIgniter.php(410): CodeIgniter\CodeIgniter->runController(Object(App\Controllers\Dashboard))
#6 C:\xampp\htdocs\pendataan\system\CodeIgniter.php(318): CodeIgniter\CodeIgniter->handleRequest(NULL, Object(Config\Cache), false)
#7 C:\xampp\htdocs\pendataan\public\index.php(37): CodeIgniter\CodeIgniter->run()
#8 C:\xampp\htdocs\pendataan\system\Commands\Server\rewrite.php(43): require_once('C:\\xampp\\htdocs...')
#9 {main}
CRITICAL - 2021-11-30 01:06:55 --> syntax error, unexpected '?>'
#0 C:\xampp\htdocs\pendataan\system\View\View.php(217): CodeIgniter\View\View->CodeIgniter\View\{closure}()
#1 C:\xampp\htdocs\pendataan\system\Common.php(1097): CodeIgniter\View\View->render('dashboard/edit', Array, true)
#2 C:\xampp\htdocs\pendataan\app\Controllers\Dashboard.php(55): view('dashboard/edit', Array)
#3 C:\xampp\htdocs\pendataan\system\CodeIgniter.php(824): App\Controllers\Dashboard->edit('1')
#4 C:\xampp\htdocs\pendataan\system\CodeIgniter.php(410): CodeIgniter\CodeIgniter->runController(Object(App\Controllers\Dashboard))
#5 C:\xampp\htdocs\pendataan\system\CodeIgniter.php(318): CodeIgniter\CodeIgniter->handleRequest(NULL, Object(Config\Cache), false)
#6 C:\xampp\htdocs\pendataan\public\index.php(37): CodeIgniter\CodeIgniter->run()
#7 C:\xampp\htdocs\pendataan\system\Commands\Server\rewrite.php(43): require_once('C:\\xampp\\htdocs...')
#8 {main}
CRITICAL - 2021-11-30 01:07:52 --> syntax error, unexpected '?>'
#0 C:\xampp\htdocs\pendataan\system\View\View.php(217): CodeIgniter\View\View->CodeIgniter\View\{closure}()
#1 C:\xampp\htdocs\pendataan\system\Common.php(1097): CodeIgniter\View\View->render('dashboard/edit', Array, true)
#2 C:\xampp\htdocs\pendataan\app\Controllers\Dashboard.php(55): view('dashboard/edit', Array)
#3 C:\xampp\htdocs\pendataan\system\CodeIgniter.php(824): App\Controllers\Dashboard->edit('1')
#4 C:\xampp\htdocs\pendataan\system\CodeIgniter.php(410): CodeIgniter\CodeIgniter->runController(Object(App\Controllers\Dashboard))
#5 C:\xampp\htdocs\pendataan\system\CodeIgniter.php(318): CodeIgniter\CodeIgniter->handleRequest(NULL, Object(Config\Cache), false)
#6 C:\xampp\htdocs\pendataan\public\index.php(37): CodeIgniter\CodeIgniter->run()
#7 C:\xampp\htdocs\pendataan\system\Commands\Server\rewrite.php(43): require_once('C:\\xampp\\htdocs...')
#8 {main}
CRITICAL - 2021-11-30 01:09:45 --> Undefined variable: id
#0 C:\xampp\htdocs\pendataan\app\Views\dashboard\edit.php(50): CodeIgniter\Debug\Exceptions->errorHandler(8, 'Undefined varia...', 'C:\\xampp\\htdocs...', 50, Array)
#1 C:\xampp\htdocs\pendataan\system\View\View.php(214): include('C:\\xampp\\htdocs...')
#2 C:\xampp\htdocs\pendataan\system\View\View.php(217): CodeIgniter\View\View->CodeIgniter\View\{closure}()
#3 C:\xampp\htdocs\pendataan\system\Common.php(1097): CodeIgniter\View\View->render('dashboard/edit', Array, true)
#4 C:\xampp\htdocs\pendataan\app\Controllers\Dashboard.php(55): view('dashboard/edit', Array)
#5 C:\xampp\htdocs\pendataan\system\CodeIgniter.php(824): App\Controllers\Dashboard->edit('1')
#6 C:\xampp\htdocs\pendataan\system\CodeIgniter.php(410): CodeIgniter\CodeIgniter->runController(Object(App\Controllers\Dashboard))
#7 C:\xampp\htdocs\pendataan\system\CodeIgniter.php(318): CodeIgniter\CodeIgniter->handleRequest(NULL, Object(Config\Cache), false)
#8 C:\xampp\htdocs\pendataan\public\index.php(37): CodeIgniter\CodeIgniter->run()
#9 C:\xampp\htdocs\pendataan\system\Commands\Server\rewrite.php(43): require_once('C:\\xampp\\htdocs...')
#10 {main}
CRITICAL - 2021-11-30 01:10:32 --> Trying to get property 'agama' of non-object
#0 C:\xampp\htdocs\pendataan\app\Views\dashboard\edit.php(50): CodeIgniter\Debug\Exceptions->errorHandler(8, 'Trying to get p...', 'C:\\xampp\\htdocs...', 50, Array)
#1 C:\xampp\htdocs\pendataan\system\View\View.php(214): include('C:\\xampp\\htdocs...')
#2 C:\xampp\htdocs\pendataan\system\View\View.php(217): CodeIgniter\View\View->CodeIgniter\View\{closure}()
#3 C:\xampp\htdocs\pendataan\system\Common.php(1097): CodeIgniter\View\View->render('dashboard/edit', Array, true)
#4 C:\xampp\htdocs\pendataan\app\Controllers\Dashboard.php(55): view('dashboard/edit', Array)
#5 C:\xampp\htdocs\pendataan\system\CodeIgniter.php(824): App\Controllers\Dashboard->edit('1')
#6 C:\xampp\htdocs\pendataan\system\CodeIgniter.php(410): CodeIgniter\CodeIgniter->runController(Object(App\Controllers\Dashboard))
#7 C:\xampp\htdocs\pendataan\system\CodeIgniter.php(318): CodeIgniter\CodeIgniter->handleRequest(NULL, Object(Config\Cache), false)
#8 C:\xampp\htdocs\pendataan\public\index.php(37): CodeIgniter\CodeIgniter->run()
#9 C:\xampp\htdocs\pendataan\system\Commands\Server\rewrite.php(43): require_once('C:\\xampp\\htdocs...')
#10 {main}
CRITICAL - 2021-11-30 01:12:17 --> Trying to get property 'value' of non-object
#0 C:\xampp\htdocs\pendataan\app\Views\dashboard\edit.php(50): CodeIgniter\Debug\Exceptions->errorHandler(8, 'Trying to get p...', 'C:\\xampp\\htdocs...', 50, Array)
#1 C:\xampp\htdocs\pendataan\system\View\View.php(214): include('C:\\xampp\\htdocs...')
#2 C:\xampp\htdocs\pendataan\system\View\View.php(217): CodeIgniter\View\View->CodeIgniter\View\{closure}()
#3 C:\xampp\htdocs\pendataan\system\Common.php(1097): CodeIgniter\View\View->render('dashboard/edit', Array, true)
#4 C:\xampp\htdocs\pendataan\app\Controllers\Dashboard.php(55): view('dashboard/edit', Array)
#5 C:\xampp\htdocs\pendataan\system\CodeIgniter.php(824): App\Controllers\Dashboard->edit('2')
#6 C:\xampp\htdocs\pendataan\system\CodeIgniter.php(410): CodeIgniter\CodeIgniter->runController(Object(App\Controllers\Dashboard))
#7 C:\xampp\htdocs\pendataan\system\CodeIgniter.php(318): CodeIgniter\CodeIgniter->handleRequest(NULL, Object(Config\Cache), false)
#8 C:\xampp\htdocs\pendataan\public\index.php(37): CodeIgniter\CodeIgniter->run()
#9 C:\xampp\htdocs\pendataan\system\Commands\Server\rewrite.php(43): require_once('C:\\xampp\\htdocs...')
#10 {main}
CRITICAL - 2021-11-30 02:54:55 --> Call to undefined function active_radio_button()
#0 C:\xampp\htdocs\pendataan\system\View\View.php(214): include()
#1 C:\xampp\htdocs\pendataan\system\View\View.php(217): CodeIgniter\View\View->CodeIgniter\View\{closure}()
#2 C:\xampp\htdocs\pendataan\system\Common.php(1097): CodeIgniter\View\View->render('dashboard/edit', Array, true)
#3 C:\xampp\htdocs\pendataan\app\Controllers\Dashboard.php(55): view('dashboard/edit', Array)
#4 C:\xampp\htdocs\pendataan\system\CodeIgniter.php(824): App\Controllers\Dashboard->edit('1')
#5 C:\xampp\htdocs\pendataan\system\CodeIgniter.php(410): CodeIgniter\CodeIgniter->runController(Object(App\Controllers\Dashboard))
#6 C:\xampp\htdocs\pendataan\system\CodeIgniter.php(318): CodeIgniter\CodeIgniter->handleRequest(NULL, Object(Config\Cache), false)
#7 C:\xampp\htdocs\pendataan\public\index.php(37): CodeIgniter\CodeIgniter->run()
#8 C:\xampp\htdocs\pendataan\system\Commands\Server\rewrite.php(43): require_once('C:\\xampp\\htdocs...')
#9 {main}
CRITICAL - 2021-11-30 02:56:00 --> syntax error, unexpected '?>', expecting '{'
#0 C:\xampp\htdocs\pendataan\system\View\View.php(217): CodeIgniter\View\View->CodeIgniter\View\{closure}()
#1 C:\xampp\htdocs\pendataan\system\Common.php(1097): CodeIgniter\View\View->render('dashboard/edit', Array, true)
#2 C:\xampp\htdocs\pendataan\app\Controllers\Dashboard.php(55): view('dashboard/edit', Array)
#3 C:\xampp\htdocs\pendataan\system\CodeIgniter.php(824): App\Controllers\Dashboard->edit('1')
#4 C:\xampp\htdocs\pendataan\system\CodeIgniter.php(410): CodeIgniter\CodeIgniter->runController(Object(App\Controllers\Dashboard))
#5 C:\xampp\htdocs\pendataan\system\CodeIgniter.php(318): CodeIgniter\CodeIgniter->handleRequest(NULL, Object(Config\Cache), false)
#6 C:\xampp\htdocs\pendataan\public\index.php(37): CodeIgniter\CodeIgniter->run()
#7 C:\xampp\htdocs\pendataan\system\Commands\Server\rewrite.php(43): require_once('C:\\xampp\\htdocs...')
#8 {main}
CRITICAL - 2021-11-30 02:56:18 --> syntax error, unexpected ';', expecting '{'
#0 C:\xampp\htdocs\pendataan\system\View\View.php(217): CodeIgniter\View\View->CodeIgniter\View\{closure}()
#1 C:\xampp\htdocs\pendataan\system\Common.php(1097): CodeIgniter\View\View->render('dashboard/edit', Array, true)
#2 C:\xampp\htdocs\pendataan\app\Controllers\Dashboard.php(55): view('dashboard/edit', Array)
#3 C:\xampp\htdocs\pendataan\system\CodeIgniter.php(824): App\Controllers\Dashboard->edit('1')
#4 C:\xampp\htdocs\pendataan\system\CodeIgniter.php(410): CodeIgniter\CodeIgniter->runController(Object(App\Controllers\Dashboard))
#5 C:\xampp\htdocs\pendataan\system\CodeIgniter.php(318): CodeIgniter\CodeIgniter->handleRequest(NULL, Object(Config\Cache), false)
#6 C:\xampp\htdocs\pendataan\public\index.php(37): CodeIgniter\CodeIgniter->run()
#7 C:\xampp\htdocs\pendataan\system\Commands\Server\rewrite.php(43): require_once('C:\\xampp\\htdocs...')
#8 {main}
CRITICAL - 2021-11-30 03:10:40 --> Call to undefined function set_radio()
#0 C:\xampp\htdocs\pendataan\system\View\View.php(214): include()
#1 C:\xampp\htdocs\pendataan\system\View\View.php(217): CodeIgniter\View\View->CodeIgniter\View\{closure}()
#2 C:\xampp\htdocs\pendataan\system\Common.php(1097): CodeIgniter\View\View->render('dashboard/edit', Array, true)
#3 C:\xampp\htdocs\pendataan\app\Controllers\Dashboard.php(55): view('dashboard/edit', Array)
#4 C:\xampp\htdocs\pendataan\system\CodeIgniter.php(824): App\Controllers\Dashboard->edit('1')
#5 C:\xampp\htdocs\pendataan\system\CodeIgniter.php(410): CodeIgniter\CodeIgniter->runController(Object(App\Controllers\Dashboard))
#6 C:\xampp\htdocs\pendataan\system\CodeIgniter.php(318): CodeIgniter\CodeIgniter->handleRequest(NULL, Object(Config\Cache), false)
#7 C:\xampp\htdocs\pendataan\public\index.php(37): CodeIgniter\CodeIgniter->run()
#8 C:\xampp\htdocs\pendataan\system\Commands\Server\rewrite.php(43): require_once('C:\\xampp\\htdocs...')
#9 {main}
CRITICAL - 2021-11-30 03:10:53 --> Call to undefined function set_radio()
#0 C:\xampp\htdocs\pendataan\system\View\View.php(214): include()
#1 C:\xampp\htdocs\pendataan\system\View\View.php(217): CodeIgniter\View\View->CodeIgniter\View\{closure}()
#2 C:\xampp\htdocs\pendataan\system\Common.php(1097): CodeIgniter\View\View->render('dashboard/edit', Array, true)
#3 C:\xampp\htdocs\pendataan\app\Controllers\Dashboard.php(55): view('dashboard/edit', Array)
#4 C:\xampp\htdocs\pendataan\system\CodeIgniter.php(824): App\Controllers\Dashboard->edit('1')
#5 C:\xampp\htdocs\pendataan\system\CodeIgniter.php(410): CodeIgniter\CodeIgniter->runController(Object(App\Controllers\Dashboard))
#6 C:\xampp\htdocs\pendataan\system\CodeIgniter.php(318): CodeIgniter\CodeIgniter->handleRequest(NULL, Object(Config\Cache), false)
#7 C:\xampp\htdocs\pendataan\public\index.php(37): CodeIgniter\CodeIgniter->run()
#8 C:\xampp\htdocs\pendataan\system\Commands\Server\rewrite.php(43): require_once('C:\\xampp\\htdocs...')
#9 {main}
CRITICAL - 2021-11-30 03:23:24 --> syntax error, unexpected 'echo' (T_ECHO)
#0 C:\xampp\htdocs\pendataan\system\View\View.php(217): CodeIgniter\View\View->CodeIgniter\View\{closure}()
#1 C:\xampp\htdocs\pendataan\system\Common.php(1097): CodeIgniter\View\View->render('dashboard/edit', Array, true)
#2 C:\xampp\htdocs\pendataan\app\Controllers\Dashboard.php(55): view('dashboard/edit', Array)
#3 C:\xampp\htdocs\pendataan\system\CodeIgniter.php(824): App\Controllers\Dashboard->edit('1')
#4 C:\xampp\htdocs\pendataan\system\CodeIgniter.php(410): CodeIgniter\CodeIgniter->runController(Object(App\Controllers\Dashboard))
#5 C:\xampp\htdocs\pendataan\system\CodeIgniter.php(318): CodeIgniter\CodeIgniter->handleRequest(NULL, Object(Config\Cache), false)
#6 C:\xampp\htdocs\pendataan\public\index.php(37): CodeIgniter\CodeIgniter->run()
#7 C:\xampp\htdocs\pendataan\system\Commands\Server\rewrite.php(43): require_once('C:\\xampp\\htdocs...')
#8 {main}
CRITICAL - 2021-11-30 03:23:35 --> Call to undefined function getAttribute()
#0 C:\xampp\htdocs\pendataan\system\View\View.php(214): include()
#1 C:\xampp\htdocs\pendataan\system\View\View.php(217): CodeIgniter\View\View->CodeIgniter\View\{closure}()
#2 C:\xampp\htdocs\pendataan\system\Common.php(1097): CodeIgniter\View\View->render('dashboard/edit', Array, true)
#3 C:\xampp\htdocs\pendataan\app\Controllers\Dashboard.php(55): view('dashboard/edit', Array)
#4 C:\xampp\htdocs\pendataan\system\CodeIgniter.php(824): App\Controllers\Dashboard->edit('1')
#5 C:\xampp\htdocs\pendataan\system\CodeIgniter.php(410): CodeIgniter\CodeIgniter->runController(Object(App\Controllers\Dashboard))
#6 C:\xampp\htdocs\pendataan\system\CodeIgniter.php(318): CodeIgniter\CodeIgniter->handleRequest(NULL, Object(Config\Cache), false)
#7 C:\xampp\htdocs\pendataan\public\index.php(37): CodeIgniter\CodeIgniter->run()
#8 C:\xampp\htdocs\pendataan\system\Commands\Server\rewrite.php(43): require_once('C:\\xampp\\htdocs...')
#9 {main}
CRITICAL - 2021-11-30 04:01:02 --> Trying to get property 'agama' of non-object
#0 C:\xampp\htdocs\pendataan\app\Views\dashboard\edit.php(50): CodeIgniter\Debug\Exceptions->errorHandler(8, 'Trying to get p...', 'C:\\xampp\\htdocs...', 50, Array)
#1 C:\xampp\htdocs\pendataan\system\View\View.php(214): include('C:\\xampp\\htdocs...')
#2 C:\xampp\htdocs\pendataan\system\View\View.php(217): CodeIgniter\View\View->CodeIgniter\View\{closure}()
#3 C:\xampp\htdocs\pendataan\system\Common.php(1097): CodeIgniter\View\View->render('dashboard/edit', Array, true)
#4 C:\xampp\htdocs\pendataan\app\Controllers\Dashboard.php(55): view('dashboard/edit', Array)
#5 C:\xampp\htdocs\pendataan\system\CodeIgniter.php(824): App\Controllers\Dashboard->edit('8')
#6 C:\xampp\htdocs\pendataan\system\CodeIgniter.php(410): CodeIgniter\CodeIgniter->runController(Object(App\Controllers\Dashboard))
#7 C:\xampp\htdocs\pendataan\system\CodeIgniter.php(318): CodeIgniter\CodeIgniter->handleRequest(NULL, Object(Config\Cache), false)
#8 C:\xampp\htdocs\pendataan\public\index.php(37): CodeIgniter\CodeIgniter->run()
#9 C:\xampp\htdocs\pendataan\system\Commands\Server\rewrite.php(43): require_once('C:\\xampp\\htdocs...')
#10 {main}
CRITICAL - 2021-11-30 04:02:07 --> Trying to get property 'agama' of non-object
#0 C:\xampp\htdocs\pendataan\app\Views\dashboard\edit.php(50): CodeIgniter\Debug\Exceptions->errorHandler(8, 'Trying to get p...', 'C:\\xampp\\htdocs...', 50, Array)
#1 C:\xampp\htdocs\pendataan\system\View\View.php(214): include('C:\\xampp\\htdocs...')
#2 C:\xampp\htdocs\pendataan\system\View\View.php(217): CodeIgniter\View\View->CodeIgniter\View\{closure}()
#3 C:\xampp\htdocs\pendataan\system\Common.php(1097): CodeIgniter\View\View->render('dashboard/edit', Array, true)
#4 C:\xampp\htdocs\pendataan\app\Controllers\Dashboard.php(55): view('dashboard/edit', Array)
#5 C:\xampp\htdocs\pendataan\system\CodeIgniter.php(824): App\Controllers\Dashboard->edit('8')
#6 C:\xampp\htdocs\pendataan\system\CodeIgniter.php(410): CodeIgniter\CodeIgniter->runController(Object(App\Controllers\Dashboard))
#7 C:\xampp\htdocs\pendataan\system\CodeIgniter.php(318): CodeIgniter\CodeIgniter->handleRequest(NULL, Object(Config\Cache), false)
#8 C:\xampp\htdocs\pendataan\public\index.php(37): CodeIgniter\CodeIgniter->run()
#9 C:\xampp\htdocs\pendataan\system\Commands\Server\rewrite.php(43): require_once('C:\\xampp\\htdocs...')
#10 {main}
CRITICAL - 2021-11-30 04:04:40 --> Call to a member function getAttribute() on array
#0 C:\xampp\htdocs\pendataan\system\View\View.php(214): include()
#1 C:\xampp\htdocs\pendataan\system\View\View.php(217): CodeIgniter\View\View->CodeIgniter\View\{closure}()
#2 C:\xampp\htdocs\pendataan\system\Common.php(1097): CodeIgniter\View\View->render('dashboard/edit', Array, true)
#3 C:\xampp\htdocs\pendataan\app\Controllers\Dashboard.php(55): view('dashboard/edit', Array)
#4 C:\xampp\htdocs\pendataan\system\CodeIgniter.php(824): App\Controllers\Dashboard->edit('8')
#5 C:\xampp\htdocs\pendataan\system\CodeIgniter.php(410): CodeIgniter\CodeIgniter->runController(Object(App\Controllers\Dashboard))
#6 C:\xampp\htdocs\pendataan\system\CodeIgniter.php(318): CodeIgniter\CodeIgniter->handleRequest(NULL, Object(Config\Cache), false)
#7 C:\xampp\htdocs\pendataan\public\index.php(37): CodeIgniter\CodeIgniter->run()
#8 C:\xampp\htdocs\pendataan\system\Commands\Server\rewrite.php(43): require_once('C:\\xampp\\htdocs...')
#9 {main}
CRITICAL - 2021-11-30 04:05:07 --> Call to a member function getElementId() on array
#0 C:\xampp\htdocs\pendataan\system\View\View.php(214): include()
#1 C:\xampp\htdocs\pendataan\system\View\View.php(217): CodeIgniter\View\View->CodeIgniter\View\{closure}()
#2 C:\xampp\htdocs\pendataan\system\Common.php(1097): CodeIgniter\View\View->render('dashboard/edit', Array, true)
#3 C:\xampp\htdocs\pendataan\app\Controllers\Dashboard.php(55): view('dashboard/edit', Array)
#4 C:\xampp\htdocs\pendataan\system\CodeIgniter.php(824): App\Controllers\Dashboard->edit('8')
#5 C:\xampp\htdocs\pendataan\system\CodeIgniter.php(410): CodeIgniter\CodeIgniter->runController(Object(App\Controllers\Dashboard))
#6 C:\xampp\htdocs\pendataan\system\CodeIgniter.php(318): CodeIgniter\CodeIgniter->handleRequest(NULL, Object(Config\Cache), false)
#7 C:\xampp\htdocs\pendataan\public\index.php(37): CodeIgniter\CodeIgniter->run()
#8 C:\xampp\htdocs\pendataan\system\Commands\Server\rewrite.php(43): require_once('C:\\xampp\\htdocs...')
#9 {main}
CRITICAL - 2021-11-30 04:05:16 --> syntax error, unexpected '(', expecting identifier (T_STRING) or variable (T_VARIABLE) or '{' or '$'
#0 C:\xampp\htdocs\pendataan\system\View\View.php(217): CodeIgniter\View\View->CodeIgniter\View\{closure}()
#1 C:\xampp\htdocs\pendataan\system\Common.php(1097): CodeIgniter\View\View->render('dashboard/edit', Array, true)
#2 C:\xampp\htdocs\pendataan\app\Controllers\Dashboard.php(55): view('dashboard/edit', Array)
#3 C:\xampp\htdocs\pendataan\system\CodeIgniter.php(824): App\Controllers\Dashboard->edit('8')
#4 C:\xampp\htdocs\pendataan\system\CodeIgniter.php(410): CodeIgniter\CodeIgniter->runController(Object(App\Controllers\Dashboard))
#5 C:\xampp\htdocs\pendataan\system\CodeIgniter.php(318): CodeIgniter\CodeIgniter->handleRequest(NULL, Object(Config\Cache), false)
#6 C:\xampp\htdocs\pendataan\public\index.php(37): CodeIgniter\CodeIgniter->run()
#7 C:\xampp\htdocs\pendataan\system\Commands\Server\rewrite.php(43): require_once('C:\\xampp\\htdocs...')
#8 {main}
CRITICAL - 2021-11-30 04:05:26 --> syntax error, unexpected '(', expecting identifier (T_STRING) or variable (T_VARIABLE) or '{' or '$'
#0 C:\xampp\htdocs\pendataan\system\View\View.php(217): CodeIgniter\View\View->CodeIgniter\View\{closure}()
#1 C:\xampp\htdocs\pendataan\system\Common.php(1097): CodeIgniter\View\View->render('dashboard/edit', Array, true)
#2 C:\xampp\htdocs\pendataan\app\Controllers\Dashboard.php(55): view('dashboard/edit', Array)
#3 C:\xampp\htdocs\pendataan\system\CodeIgniter.php(824): App\Controllers\Dashboard->edit('8')
#4 C:\xampp\htdocs\pendataan\system\CodeIgniter.php(410): CodeIgniter\CodeIgniter->runController(Object(App\Controllers\Dashboard))
#5 C:\xampp\htdocs\pendataan\system\CodeIgniter.php(318): CodeIgniter\CodeIgniter->handleRequest(NULL, Object(Config\Cache), false)
#6 C:\xampp\htdocs\pendataan\public\index.php(37): CodeIgniter\CodeIgniter->run()
#7 C:\xampp\htdocs\pendataan\system\Commands\Server\rewrite.php(43): require_once('C:\\xampp\\htdocs...')
#8 {main}
CRITICAL - 2021-11-30 04:05:39 --> Trying to get property 'agama' of non-object
#0 C:\xampp\htdocs\pendataan\app\Views\dashboard\edit.php(50): CodeIgniter\Debug\Exceptions->errorHandler(8, 'Trying to get p...', 'C:\\xampp\\htdocs...', 50, Array)
#1 C:\xampp\htdocs\pendataan\system\View\View.php(214): include('C:\\xampp\\htdocs...')
#2 C:\xampp\htdocs\pendataan\system\View\View.php(217): CodeIgniter\View\View->CodeIgniter\View\{closure}()
#3 C:\xampp\htdocs\pendataan\system\Common.php(1097): CodeIgniter\View\View->render('dashboard/edit', Array, true)
#4 C:\xampp\htdocs\pendataan\app\Controllers\Dashboard.php(55): view('dashboard/edit', Array)
#5 C:\xampp\htdocs\pendataan\system\CodeIgniter.php(824): App\Controllers\Dashboard->edit('8')
#6 C:\xampp\htdocs\pendataan\system\CodeIgniter.php(410): CodeIgniter\CodeIgniter->runController(Object(App\Controllers\Dashboard))
#7 C:\xampp\htdocs\pendataan\system\CodeIgniter.php(318): CodeIgniter\CodeIgniter->handleRequest(NULL, Object(Config\Cache), false)
#8 C:\xampp\htdocs\pendataan\public\index.php(37): CodeIgniter\CodeIgniter->run()
#9 C:\xampp\htdocs\pendataan\system\Commands\Server\rewrite.php(43): require_once('C:\\xampp\\htdocs...')
#10 {main}
CRITICAL - 2021-11-30 04:45:24 --> syntax error, unexpected '(', expecting identifier (T_STRING) or variable (T_VARIABLE) or '{' or '$'
#0 C:\xampp\htdocs\pendataan\system\View\View.php(217): CodeIgniter\View\View->CodeIgniter\View\{closure}()
#1 C:\xampp\htdocs\pendataan\system\Common.php(1097): CodeIgniter\View\View->render('dashboard/edit', Array, true)
#2 C:\xampp\htdocs\pendataan\app\Controllers\Dashboard.php(55): view('dashboard/edit', Array)
#3 C:\xampp\htdocs\pendataan\system\CodeIgniter.php(824): App\Controllers\Dashboard->edit('1')
#4 C:\xampp\htdocs\pendataan\system\CodeIgniter.php(410): CodeIgniter\CodeIgniter->runController(Object(App\Controllers\Dashboard))
#5 C:\xampp\htdocs\pendataan\system\CodeIgniter.php(318): CodeIgniter\CodeIgniter->handleRequest(NULL, Object(Config\Cache), false)
#6 C:\xampp\htdocs\pendataan\public\index.php(37): CodeIgniter\CodeIgniter->run()
#7 C:\xampp\htdocs\pendataan\system\Commands\Server\rewrite.php(43): require_once('C:\\xampp\\htdocs...')
#8 {main}
CRITICAL - 2021-11-30 04:45:36 --> Trying to get property 'agama' of non-object
#0 C:\xampp\htdocs\pendataan\app\Views\dashboard\edit.php(50): CodeIgniter\Debug\Exceptions->errorHandler(8, 'Trying to get p...', 'C:\\xampp\\htdocs...', 50, Array)
#1 C:\xampp\htdocs\pendataan\system\View\View.php(214): include('C:\\xampp\\htdocs...')
#2 C:\xampp\htdocs\pendataan\system\View\View.php(217): CodeIgniter\View\View->CodeIgniter\View\{closure}()
#3 C:\xampp\htdocs\pendataan\system\Common.php(1097): CodeIgniter\View\View->render('dashboard/edit', Array, true)
#4 C:\xampp\htdocs\pendataan\app\Controllers\Dashboard.php(55): view('dashboard/edit', Array)
#5 C:\xampp\htdocs\pendataan\system\CodeIgniter.php(824): App\Controllers\Dashboard->edit('1')
#6 C:\xampp\htdocs\pendataan\system\CodeIgniter.php(410): CodeIgniter\CodeIgniter->runController(Object(App\Controllers\Dashboard))
#7 C:\xampp\htdocs\pendataan\system\CodeIgniter.php(318): CodeIgniter\CodeIgniter->handleRequest(NULL, Object(Config\Cache), false)
#8 C:\xampp\htdocs\pendataan\public\index.php(37): CodeIgniter\CodeIgniter->run()
#9 C:\xampp\htdocs\pendataan\system\Commands\Server\rewrite.php(43): require_once('C:\\xampp\\htdocs...')
#10 {main}
CRITICAL - 2021-11-30 04:45:49 --> Trying to get property 'agama' of non-object
#0 C:\xampp\htdocs\pendataan\app\Views\dashboard\edit.php(50): CodeIgniter\Debug\Exceptions->errorHandler(8, 'Trying to get p...', 'C:\\xampp\\htdocs...', 50, Array)
#1 C:\xampp\htdocs\pendataan\system\View\View.php(214): include('C:\\xampp\\htdocs...')
#2 C:\xampp\htdocs\pendataan\system\View\View.php(217): CodeIgniter\View\View->CodeIgniter\View\{closure}()
#3 C:\xampp\htdocs\pendataan\system\Common.php(1097): CodeIgniter\View\View->render('dashboard/edit', Array, true)
#4 C:\xampp\htdocs\pendataan\app\Controllers\Dashboard.php(55): view('dashboard/edit', Array)
#5 C:\xampp\htdocs\pendataan\system\CodeIgniter.php(824): App\Controllers\Dashboard->edit('1')
#6 C:\xampp\htdocs\pendataan\system\CodeIgniter.php(410): CodeIgniter\CodeIgniter->runController(Object(App\Controllers\Dashboard))
#7 C:\xampp\htdocs\pendataan\system\CodeIgniter.php(318): CodeIgniter\CodeIgniter->handleRequest(NULL, Object(Config\Cache), false)
#8 C:\xampp\htdocs\pendataan\public\index.php(37): CodeIgniter\CodeIgniter->run()
#9 C:\xampp\htdocs\pendataan\system\Commands\Server\rewrite.php(43): require_once('C:\\xampp\\htdocs...')
#10 {main}
CRITICAL - 2021-11-30 04:46:34 --> Undefined index: agama
#0 C:\xampp\htdocs\pendataan\app\Views\dashboard\edit.php(50): CodeIgniter\Debug\Exceptions->errorHandler(8, 'Undefined index...', 'C:\\xampp\\htdocs...', 50, Array)
#1 C:\xampp\htdocs\pendataan\system\View\View.php(214): include('C:\\xampp\\htdocs...')
#2 C:\xampp\htdocs\pendataan\system\View\View.php(217): CodeIgniter\View\View->CodeIgniter\View\{closure}()
#3 C:\xampp\htdocs\pendataan\system\Common.php(1097): CodeIgniter\View\View->render('dashboard/edit', Array, true)
#4 C:\xampp\htdocs\pendataan\app\Controllers\Dashboard.php(55): view('dashboard/edit', Array)
#5 C:\xampp\htdocs\pendataan\system\CodeIgniter.php(824): App\Controllers\Dashboard->edit('1')
#6 C:\xampp\htdocs\pendataan\system\CodeIgniter.php(410): CodeIgniter\CodeIgniter->runController(Object(App\Controllers\Dashboard))
#7 C:\xampp\htdocs\pendataan\system\CodeIgniter.php(318): CodeIgniter\CodeIgniter->handleRequest(NULL, Object(Config\Cache), false)
#8 C:\xampp\htdocs\pendataan\public\index.php(37): CodeIgniter\CodeIgniter->run()
#9 C:\xampp\htdocs\pendataan\system\Commands\Server\rewrite.php(43): require_once('C:\\xampp\\htdocs...')
#10 {main}
CRITICAL - 2021-11-30 04:47:50 --> Undefined index: agama
#0 C:\xampp\htdocs\pendataan\app\Views\dashboard\edit.php(50): CodeIgniter\Debug\Exceptions->errorHandler(8, 'Undefined index...', 'C:\\xampp\\htdocs...', 50, Array)
#1 C:\xampp\htdocs\pendataan\system\View\View.php(214): include('C:\\xampp\\htdocs...')
#2 C:\xampp\htdocs\pendataan\system\View\View.php(217): CodeIgniter\View\View->CodeIgniter\View\{closure}()
#3 C:\xampp\htdocs\pendataan\system\Common.php(1097): CodeIgniter\View\View->render('dashboard/edit', Array, true)
#4 C:\xampp\htdocs\pendataan\app\Controllers\Dashboard.php(55): view('dashboard/edit', Array)
#5 C:\xampp\htdocs\pendataan\system\CodeIgniter.php(824): App\Controllers\Dashboard->edit('1')
#6 C:\xampp\htdocs\pendataan\system\CodeIgniter.php(410): CodeIgniter\CodeIgniter->runController(Object(App\Controllers\Dashboard))
#7 C:\xampp\htdocs\pendataan\system\CodeIgniter.php(318): CodeIgniter\CodeIgniter->handleRequest(NULL, Object(Config\Cache), false)
#8 C:\xampp\htdocs\pendataan\public\index.php(37): CodeIgniter\CodeIgniter->run()
#9 C:\xampp\htdocs\pendataan\system\Commands\Server\rewrite.php(43): require_once('C:\\xampp\\htdocs...')
#10 {main}
CRITICAL - 2021-11-30 04:48:04 --> Function name must be a string
#0 C:\xampp\htdocs\pendataan\system\View\View.php(214): include()
#1 C:\xampp\htdocs\pendataan\system\View\View.php(217): CodeIgniter\View\View->CodeIgniter\View\{closure}()
#2 C:\xampp\htdocs\pendataan\system\Common.php(1097): CodeIgniter\View\View->render('dashboard/edit', Array, true)
#3 C:\xampp\htdocs\pendataan\app\Controllers\Dashboard.php(55): view('dashboard/edit', Array)
#4 C:\xampp\htdocs\pendataan\system\CodeIgniter.php(824): App\Controllers\Dashboard->edit('1')
#5 C:\xampp\htdocs\pendataan\system\CodeIgniter.php(410): CodeIgniter\CodeIgniter->runController(Object(App\Controllers\Dashboard))
#6 C:\xampp\htdocs\pendataan\system\CodeIgniter.php(318): CodeIgniter\CodeIgniter->handleRequest(NULL, Object(Config\Cache), false)
#7 C:\xampp\htdocs\pendataan\public\index.php(37): CodeIgniter\CodeIgniter->run()
#8 C:\xampp\htdocs\pendataan\system\Commands\Server\rewrite.php(43): require_once('C:\\xampp\\htdocs...')
#9 {main}
CRITICAL - 2021-11-30 04:48:25 --> Undefined index: value
#0 C:\xampp\htdocs\pendataan\app\Views\dashboard\edit.php(50): CodeIgniter\Debug\Exceptions->errorHandler(8, 'Undefined index...', 'C:\\xampp\\htdocs...', 50, Array)
#1 C:\xampp\htdocs\pendataan\system\View\View.php(214): include('C:\\xampp\\htdocs...')
#2 C:\xampp\htdocs\pendataan\system\View\View.php(217): CodeIgniter\View\View->CodeIgniter\View\{closure}()
#3 C:\xampp\htdocs\pendataan\system\Common.php(1097): CodeIgniter\View\View->render('dashboard/edit', Array, true)
#4 C:\xampp\htdocs\pendataan\app\Controllers\Dashboard.php(55): view('dashboard/edit', Array)
#5 C:\xampp\htdocs\pendataan\system\CodeIgniter.php(824): App\Controllers\Dashboard->edit('1')
#6 C:\xampp\htdocs\pendataan\system\CodeIgniter.php(410): CodeIgniter\CodeIgniter->runController(Object(App\Controllers\Dashboard))
#7 C:\xampp\htdocs\pendataan\system\CodeIgniter.php(318): CodeIgniter\CodeIgniter->handleRequest(NULL, Object(Config\Cache), false)
#8 C:\xampp\htdocs\pendataan\public\index.php(37): CodeIgniter\CodeIgniter->run()
#9 C:\xampp\htdocs\pendataan\system\Commands\Server\rewrite.php(43): require_once('C:\\xampp\\htdocs...')
#10 {main}
CRITICAL - 2021-11-30 04:48:35 --> Undefined index: agama
#0 C:\xampp\htdocs\pendataan\app\Views\dashboard\edit.php(50): CodeIgniter\Debug\Exceptions->errorHandler(8, 'Undefined index...', 'C:\\xampp\\htdocs...', 50, Array)
#1 C:\xampp\htdocs\pendataan\system\View\View.php(214): include('C:\\xampp\\htdocs...')
#2 C:\xampp\htdocs\pendataan\system\View\View.php(217): CodeIgniter\View\View->CodeIgniter\View\{closure}()
#3 C:\xampp\htdocs\pendataan\system\Common.php(1097): CodeIgniter\View\View->render('dashboard/edit', Array, true)
#4 C:\xampp\htdocs\pendataan\app\Controllers\Dashboard.php(55): view('dashboard/edit', Array)
#5 C:\xampp\htdocs\pendataan\system\CodeIgniter.php(824): App\Controllers\Dashboard->edit('1')
#6 C:\xampp\htdocs\pendataan\system\CodeIgniter.php(410): CodeIgniter\CodeIgniter->runController(Object(App\Controllers\Dashboard))
#7 C:\xampp\htdocs\pendataan\system\CodeIgniter.php(318): CodeIgniter\CodeIgniter->handleRequest(NULL, Object(Config\Cache), false)
#8 C:\xampp\htdocs\pendataan\public\index.php(37): CodeIgniter\CodeIgniter->run()
#9 C:\xampp\htdocs\pendataan\system\Commands\Server\rewrite.php(43): require_once('C:\\xampp\\htdocs...')
#10 {main}
CRITICAL - 2021-11-30 04:50:17 --> syntax error, unexpected 'echo' (T_ECHO)
#0 C:\xampp\htdocs\pendataan\system\View\View.php(217): CodeIgniter\View\View->CodeIgniter\View\{closure}()
#1 C:\xampp\htdocs\pendataan\system\Common.php(1097): CodeIgniter\View\View->render('dashboard/edit', Array, true)
#2 C:\xampp\htdocs\pendataan\app\Controllers\Dashboard.php(55): view('dashboard/edit', Array)
#3 C:\xampp\htdocs\pendataan\system\CodeIgniter.php(824): App\Controllers\Dashboard->edit('1')
#4 C:\xampp\htdocs\pendataan\system\CodeIgniter.php(410): CodeIgniter\CodeIgniter->runController(Object(App\Controllers\Dashboard))
#5 C:\xampp\htdocs\pendataan\system\CodeIgniter.php(318): CodeIgniter\CodeIgniter->handleRequest(NULL, Object(Config\Cache), false)
#6 C:\xampp\htdocs\pendataan\public\index.php(37): CodeIgniter\CodeIgniter->run()
#7 C:\xampp\htdocs\pendataan\system\Commands\Server\rewrite.php(43): require_once('C:\\xampp\\htdocs...')
#8 {main}
CRITICAL - 2021-11-30 04:58:25 --> Call to undefined function set_radio()
#0 C:\xampp\htdocs\pendataan\system\View\View.php(214): include()
#1 C:\xampp\htdocs\pendataan\system\View\View.php(217): CodeIgniter\View\View->CodeIgniter\View\{closure}()
#2 C:\xampp\htdocs\pendataan\system\Common.php(1097): CodeIgniter\View\View->render('dashboard/edit', Array, true)
#3 C:\xampp\htdocs\pendataan\app\Controllers\Dashboard.php(55): view('dashboard/edit', Array)
#4 C:\xampp\htdocs\pendataan\system\CodeIgniter.php(824): App\Controllers\Dashboard->edit('1')
#5 C:\xampp\htdocs\pendataan\system\CodeIgniter.php(410): CodeIgniter\CodeIgniter->runController(Object(App\Controllers\Dashboard))
#6 C:\xampp\htdocs\pendataan\system\CodeIgniter.php(318): CodeIgniter\CodeIgniter->handleRequest(NULL, Object(Config\Cache), false)
#7 C:\xampp\htdocs\pendataan\public\index.php(37): CodeIgniter\CodeIgniter->run()
#8 C:\xampp\htdocs\pendataan\system\Commands\Server\rewrite.php(43): require_once('C:\\xampp\\htdocs...')
#9 {main}
CRITICAL - 2021-11-30 04:58:53 --> syntax error, unexpected ','
#0 C:\xampp\htdocs\pendataan\system\View\View.php(217): CodeIgniter\View\View->CodeIgniter\View\{closure}()
#1 C:\xampp\htdocs\pendataan\system\Common.php(1097): CodeIgniter\View\View->render('dashboard/edit', Array, true)
#2 C:\xampp\htdocs\pendataan\app\Controllers\Dashboard.php(55): view('dashboard/edit', Array)
#3 C:\xampp\htdocs\pendataan\system\CodeIgniter.php(824): App\Controllers\Dashboard->edit('1')
#4 C:\xampp\htdocs\pendataan\system\CodeIgniter.php(410): CodeIgniter\CodeIgniter->runController(Object(App\Controllers\Dashboard))
#5 C:\xampp\htdocs\pendataan\system\CodeIgniter.php(318): CodeIgniter\CodeIgniter->handleRequest(NULL, Object(Config\Cache), false)
#6 C:\xampp\htdocs\pendataan\public\index.php(37): CodeIgniter\CodeIgniter->run()
#7 C:\xampp\htdocs\pendataan\system\Commands\Server\rewrite.php(43): require_once('C:\\xampp\\htdocs...')
#8 {main}
CRITICAL - 2021-11-30 05:22:34 --> syntax error, unexpected '>'
#0 C:\xampp\htdocs\pendataan\system\View\View.php(217): CodeIgniter\View\View->CodeIgniter\View\{closure}()
#1 C:\xampp\htdocs\pendataan\system\Common.php(1097): CodeIgniter\View\View->render('dashboard/edit', Array, true)
#2 C:\xampp\htdocs\pendataan\app\Controllers\Dashboard.php(55): view('dashboard/edit', Array)
#3 C:\xampp\htdocs\pendataan\system\CodeIgniter.php(824): App\Controllers\Dashboard->edit('1')
#4 C:\xampp\htdocs\pendataan\system\CodeIgniter.php(410): CodeIgniter\CodeIgniter->runController(Object(App\Controllers\Dashboard))
#5 C:\xampp\htdocs\pendataan\system\CodeIgniter.php(318): CodeIgniter\CodeIgniter->handleRequest(NULL, Object(Config\Cache), false)
#6 C:\xampp\htdocs\pendataan\public\index.php(37): CodeIgniter\CodeIgniter->run()
#7 C:\xampp\htdocs\pendataan\system\Commands\Server\rewrite.php(43): require_once('C:\\xampp\\htdocs...')
#8 {main}
CRITICAL - 2021-11-30 05:22:50 --> syntax error, unexpected '<', expecting end of file
#0 C:\xampp\htdocs\pendataan\system\View\View.php(217): CodeIgniter\View\View->CodeIgniter\View\{closure}()
#1 C:\xampp\htdocs\pendataan\system\Common.php(1097): CodeIgniter\View\View->render('dashboard/edit', Array, true)
#2 C:\xampp\htdocs\pendataan\app\Controllers\Dashboard.php(55): view('dashboard/edit', Array)
#3 C:\xampp\htdocs\pendataan\system\CodeIgniter.php(824): App\Controllers\Dashboard->edit('1')
#4 C:\xampp\htdocs\pendataan\system\CodeIgniter.php(410): CodeIgniter\CodeIgniter->runController(Object(App\Controllers\Dashboard))
#5 C:\xampp\htdocs\pendataan\system\CodeIgniter.php(318): CodeIgniter\CodeIgniter->handleRequest(NULL, Object(Config\Cache), false)
#6 C:\xampp\htdocs\pendataan\public\index.php(37): CodeIgniter\CodeIgniter->run()
#7 C:\xampp\htdocs\pendataan\system\Commands\Server\rewrite.php(43): require_once('C:\\xampp\\htdocs...')
#8 {main}
CRITICAL - 2021-11-30 05:23:19 --> syntax error, unexpected '<', expecting end of file
#0 C:\xampp\htdocs\pendataan\system\View\View.php(217): CodeIgniter\View\View->CodeIgniter\View\{closure}()
#1 C:\xampp\htdocs\pendataan\system\Common.php(1097): CodeIgniter\View\View->render('dashboard/edit', Array, true)
#2 C:\xampp\htdocs\pendataan\app\Controllers\Dashboard.php(55): view('dashboard/edit', Array)
#3 C:\xampp\htdocs\pendataan\system\CodeIgniter.php(824): App\Controllers\Dashboard->edit('1')
#4 C:\xampp\htdocs\pendataan\system\CodeIgniter.php(410): CodeIgniter\CodeIgniter->runController(Object(App\Controllers\Dashboard))
#5 C:\xampp\htdocs\pendataan\system\CodeIgniter.php(318): CodeIgniter\CodeIgniter->handleRequest(NULL, Object(Config\Cache), false)
#6 C:\xampp\htdocs\pendataan\public\index.php(37): CodeIgniter\CodeIgniter->run()
#7 C:\xampp\htdocs\pendataan\system\Commands\Server\rewrite.php(43): require_once('C:\\xampp\\htdocs...')
#8 {main}
CRITICAL - 2021-11-30 05:24:30 --> Undefined variable: agama
#0 C:\xampp\htdocs\pendataan\app\Views\dashboard\edit.php(50): CodeIgniter\Debug\Exceptions->errorHandler(8, 'Undefined varia...', 'C:\\xampp\\htdocs...', 50, Array)
#1 C:\xampp\htdocs\pendataan\system\View\View.php(214): include('C:\\xampp\\htdocs...')
#2 C:\xampp\htdocs\pendataan\system\View\View.php(217): CodeIgniter\View\View->CodeIgniter\View\{closure}()
#3 C:\xampp\htdocs\pendataan\system\Common.php(1097): CodeIgniter\View\View->render('dashboard/edit', Array, true)
#4 C:\xampp\htdocs\pendataan\app\Controllers\Dashboard.php(55): view('dashboard/edit', Array)
#5 C:\xampp\htdocs\pendataan\system\CodeIgniter.php(824): App\Controllers\Dashboard->edit('1')
#6 C:\xampp\htdocs\pendataan\system\CodeIgniter.php(410): CodeIgniter\CodeIgniter->runController(Object(App\Controllers\Dashboard))
#7 C:\xampp\htdocs\pendataan\system\CodeIgniter.php(318): CodeIgniter\CodeIgniter->handleRequest(NULL, Object(Config\Cache), false)
#8 C:\xampp\htdocs\pendataan\public\index.php(37): CodeIgniter\CodeIgniter->run()
#9 C:\xampp\htdocs\pendataan\system\Commands\Server\rewrite.php(43): require_once('C:\\xampp\\htdocs...')
#10 {main}
CRITICAL - 2021-11-30 05:27:59 --> syntax error, unexpected 'echo' (T_ECHO)
#0 C:\xampp\htdocs\pendataan\system\View\View.php(217): CodeIgniter\View\View->CodeIgniter\View\{closure}()
#1 C:\xampp\htdocs\pendataan\system\Common.php(1097): CodeIgniter\View\View->render('dashboard/edit', Array, true)
#2 C:\xampp\htdocs\pendataan\app\Controllers\Dashboard.php(55): view('dashboard/edit', Array)
#3 C:\xampp\htdocs\pendataan\system\CodeIgniter.php(824): App\Controllers\Dashboard->edit('1')
#4 C:\xampp\htdocs\pendataan\system\CodeIgniter.php(410): CodeIgniter\CodeIgniter->runController(Object(App\Controllers\Dashboard))
#5 C:\xampp\htdocs\pendataan\system\CodeIgniter.php(318): CodeIgniter\CodeIgniter->handleRequest(NULL, Object(Config\Cache), false)
#6 C:\xampp\htdocs\pendataan\public\index.php(37): CodeIgniter\CodeIgniter->run()
#7 C:\xampp\htdocs\pendataan\system\Commands\Server\rewrite.php(43): require_once('C:\\xampp\\htdocs...')
#8 {main}
CRITICAL - 2021-11-30 10:48:13 --> Too few arguments to function App\Controllers\Penduduk::update(), 0 passed in C:\xampp\htdocs\pendataan\system\CodeIgniter.php on line 824 and exactly 1 expected
#0 C:\xampp\htdocs\pendataan\system\CodeIgniter.php(824): App\Controllers\Penduduk->update()
#1 C:\xampp\htdocs\pendataan\system\CodeIgniter.php(410): CodeIgniter\CodeIgniter->runController(Object(App\Controllers\Penduduk))
#2 C:\xampp\htdocs\pendataan\system\CodeIgniter.php(318): CodeIgniter\CodeIgniter->handleRequest(NULL, Object(Config\Cache), false)
#3 C:\xampp\htdocs\pendataan\public\index.php(37): CodeIgniter\CodeIgniter->run()
#4 C:\xampp\htdocs\pendataan\system\Commands\Server\rewrite.php(43): require_once('C:\\xampp\\htdocs...')
#5 {main}
CRITICAL - 2021-11-30 10:55:21 --> Too few arguments to function App\Controllers\Penduduk::update(), 0 passed in C:\xampp\htdocs\pendataan\system\CodeIgniter.php on line 824 and exactly 1 expected
#0 C:\xampp\htdocs\pendataan\system\CodeIgniter.php(824): App\Controllers\Penduduk->update()
#1 C:\xampp\htdocs\pendataan\system\CodeIgniter.php(410): CodeIgniter\CodeIgniter->runController(Object(App\Controllers\Penduduk))
#2 C:\xampp\htdocs\pendataan\system\CodeIgniter.php(318): CodeIgniter\CodeIgniter->handleRequest(NULL, Object(Config\Cache), false)
#3 C:\xampp\htdocs\pendataan\public\index.php(37): CodeIgniter\CodeIgniter->run()
#4 C:\xampp\htdocs\pendataan\system\Commands\Server\rewrite.php(43): require_once('C:\\xampp\\htdocs...')
#5 {main}
CRITICAL - 2021-11-30 11:09:57 --> Too few arguments to function App\Controllers\Penduduk::update(), 0 passed in C:\xampp\htdocs\pendataan\system\CodeIgniter.php on line 824 and exactly 1 expected
#0 C:\xampp\htdocs\pendataan\system\CodeIgniter.php(824): App\Controllers\Penduduk->update()
#1 C:\xampp\htdocs\pendataan\system\CodeIgniter.php(410): CodeIgniter\CodeIgniter->runController(Object(App\Controllers\Penduduk))
#2 C:\xampp\htdocs\pendataan\system\CodeIgniter.php(318): CodeIgniter\CodeIgniter->handleRequest(NULL, Object(Config\Cache), false)
#3 C:\xampp\htdocs\pendataan\public\index.php(37): CodeIgniter\CodeIgniter->run()
#4 C:\xampp\htdocs\pendataan\system\Commands\Server\rewrite.php(43): require_once('C:\\xampp\\htdocs...')
#5 {main}
CRITICAL - 2021-11-30 11:10:18 --> Too few arguments to function App\Controllers\Dashboard::edit(), 0 passed in C:\xampp\htdocs\pendataan\system\CodeIgniter.php on line 824 and exactly 1 expected
#0 C:\xampp\htdocs\pendataan\system\CodeIgniter.php(824): App\Controllers\Dashboard->edit()
#1 C:\xampp\htdocs\pendataan\system\CodeIgniter.php(410): CodeIgniter\CodeIgniter->runController(Object(App\Controllers\Dashboard))
#2 C:\xampp\htdocs\pendataan\system\CodeIgniter.php(318): CodeIgniter\CodeIgniter->handleRequest(NULL, Object(Config\Cache), false)
#3 C:\xampp\htdocs\pendataan\public\index.php(37): CodeIgniter\CodeIgniter->run()
#4 C:\xampp\htdocs\pendataan\system\Commands\Server\rewrite.php(43): require_once('C:\\xampp\\htdocs...')
#5 {main}
CRITICAL - 2021-11-30 11:15:42 --> Too few arguments to function App\Controllers\Dashboard::edit(), 0 passed in C:\xampp\htdocs\pendataan\system\CodeIgniter.php on line 824 and exactly 1 expected
#0 C:\xampp\htdocs\pendataan\system\CodeIgniter.php(824): App\Controllers\Dashboard->edit()
#1 C:\xampp\htdocs\pendataan\system\CodeIgniter.php(410): CodeIgniter\CodeIgniter->runController(Object(App\Controllers\Dashboard))
#2 C:\xampp\htdocs\pendataan\system\CodeIgniter.php(318): CodeIgniter\CodeIgniter->handleRequest(NULL, Object(Config\Cache), false)
#3 C:\xampp\htdocs\pendataan\public\index.php(37): CodeIgniter\CodeIgniter->run()
#4 C:\xampp\htdocs\pendataan\system\Commands\Server\rewrite.php(43): require_once('C:\\xampp\\htdocs...')
#5 {main}
ERROR - 2021-11-30 11:18:02 --> Column 'foto' cannot be null
CRITICAL - 2021-11-30 11:18:02 --> Column 'foto' cannot be null
#0 C:\xampp\htdocs\pendataan\system\Database\MySQLi\Connection.php(292): mysqli->query('INSERT INTO `pe...', 0)
#1 C:\xampp\htdocs\pendataan\system\Database\BaseConnection.php(670): CodeIgniter\Database\MySQLi\Connection->execute('INSERT INTO `pe...')
#2 C:\xampp\htdocs\pendataan\system\Database\BaseConnection.php(598): CodeIgniter\Database\BaseConnection->simpleQuery('INSERT INTO `pe...')
#3 C:\xampp\htdocs\pendataan\system\Database\BaseBuilder.php(1759): CodeIgniter\Database\BaseConnection->query('INSERT INTO `pe...', Array, false)
#4 C:\xampp\htdocs\pendataan\system\Model.php(239): CodeIgniter\Database\BaseBuilder->insert()
#5 C:\xampp\htdocs\pendataan\system\BaseModel.php(738): CodeIgniter\Model->doInsert(Array)
#6 C:\xampp\htdocs\pendataan\system\Model.php(620): CodeIgniter\BaseModel->insert(Array, false)
#7 C:\xampp\htdocs\pendataan\system\BaseModel.php(658): CodeIgniter\Model->insert(Array, false)
#8 C:\xampp\htdocs\pendataan\app\Controllers\Penduduk.php(88): CodeIgniter\BaseModel->save(Array)
#9 C:\xampp\htdocs\pendataan\system\CodeIgniter.php(824): App\Controllers\Penduduk->update('8')
#10 C:\xampp\htdocs\pendataan\system\CodeIgniter.php(410): CodeIgniter\CodeIgniter->runController(Object(App\Controllers\Penduduk))
#11 C:\xampp\htdocs\pendataan\system\CodeIgniter.php(318): CodeIgniter\CodeIgniter->handleRequest(NULL, Object(Config\Cache), false)
#12 C:\xampp\htdocs\pendataan\public\index.php(37): CodeIgniter\CodeIgniter->run()
#13 C:\xampp\htdocs\pendataan\system\Commands\Server\rewrite.php(43): require_once('C:\\xampp\\htdocs...')
#14 {main}
CRITICAL - 2021-11-30 11:19:22 --> unlink(profile/): Is a directory
#0 [internal function]: CodeIgniter\Debug\Exceptions->errorHandler(2, 'unlink(profile/...', 'C:\\xampp\\htdocs...', 79, Array)
#1 C:\xampp\htdocs\pendataan\app\Controllers\Penduduk.php(79): unlink('profile/')
#2 C:\xampp\htdocs\pendataan\system\CodeIgniter.php(824): App\Controllers\Penduduk->update('8')
#3 C:\xampp\htdocs\pendataan\system\CodeIgniter.php(410): CodeIgniter\CodeIgniter->runController(Object(App\Controllers\Penduduk))
#4 C:\xampp\htdocs\pendataan\system\CodeIgniter.php(318): CodeIgniter\CodeIgniter->handleRequest(NULL, Object(Config\Cache), false)
#5 C:\xampp\htdocs\pendataan\public\index.php(37): CodeIgniter\CodeIgniter->run()
#6 C:\xampp\htdocs\pendataan\system\Commands\Server\rewrite.php(43): require_once('C:\\xampp\\htdocs...')
#7 {main}
