CRITICAL - 2022-01-17 07:17:23 --> isLoggedIn filter must have a matching alias defined.
#0 C:\xampp\htdocs\pendataan\system\Filters\Filters.php(496): CodeIgniter\Filters\Exceptions\FilterException::forNoAlias('isLoggedIn')
#1 C:\xampp\htdocs\pendataan\system\Filters\Filters.php(243): CodeIgniter\Filters\Filters->processAliasesToClass('before')
#2 C:\xampp\htdocs\pendataan\system\Filters\Filters.php(163): CodeIgniter\Filters\Filters->initialize('/')
#3 C:\xampp\htdocs\pendataan\system\CodeIgniter.php(384): CodeIgniter\Filters\Filters->run('/', 'before')
#4 C:\xampp\htdocs\pendataan\system\CodeIgniter.php(318): CodeIgniter\CodeIgniter->handleRequest(NULL, Object(Config\Cache), false)
#5 C:\xampp\htdocs\pendataan\public\index.php(37): CodeIgniter\CodeIgniter->run()
#6 C:\xampp\htdocs\pendataan\system\Commands\Server\rewrite.php(43): require_once('C:\\xampp\\htdocs...')
#7 {main}
CRITICAL - 2022-01-17 07:17:43 --> isLoggedIn filter must have a matching alias defined.
#0 C:\xampp\htdocs\pendataan\system\Filters\Filters.php(496): CodeIgniter\Filters\Exceptions\FilterException::forNoAlias('isLoggedIn')
#1 C:\xampp\htdocs\pendataan\system\Filters\Filters.php(243): CodeIgniter\Filters\Filters->processAliasesToClass('before')
#2 C:\xampp\htdocs\pendataan\system\Filters\Filters.php(163): CodeIgniter\Filters\Filters->initialize('/')
#3 C:\xampp\htdocs\pendataan\system\CodeIgniter.php(384): CodeIgniter\Filters\Filters->run('/', 'before')
#4 C:\xampp\htdocs\pendataan\system\CodeIgniter.php(318): CodeIgniter\CodeIgniter->handleRequest(NULL, Object(Config\Cache), false)
#5 C:\xampp\htdocs\pendataan\public\index.php(37): CodeIgniter\CodeIgniter->run()
#6 C:\xampp\htdocs\pendataan\system\Commands\Server\rewrite.php(43): require_once('C:\\xampp\\htdocs...')
#7 {main}
CRITICAL - 2022-01-17 07:18:00 --> isLoggedIn filter must have a matching alias defined.
#0 C:\xampp\htdocs\pendataan\system\Filters\Filters.php(496): CodeIgniter\Filters\Exceptions\FilterException::forNoAlias('isLoggedIn')
#1 C:\xampp\htdocs\pendataan\system\Filters\Filters.php(243): CodeIgniter\Filters\Filters->processAliasesToClass('before')
#2 C:\xampp\htdocs\pendataan\system\Filters\Filters.php(163): CodeIgniter\Filters\Filters->initialize('/')
#3 C:\xampp\htdocs\pendataan\system\CodeIgniter.php(384): CodeIgniter\Filters\Filters->run('/', 'before')
#4 C:\xampp\htdocs\pendataan\system\CodeIgniter.php(318): CodeIgniter\CodeIgniter->handleRequest(NULL, Object(Config\Cache), false)
#5 C:\xampp\htdocs\pendataan\public\index.php(37): CodeIgniter\CodeIgniter->run()
#6 C:\xampp\htdocs\pendataan\system\Commands\Server\rewrite.php(43): require_once('C:\\xampp\\htdocs...')
#7 {main}
CRITICAL - 2022-01-17 07:18:08 --> isLoggedIn filter must have a matching alias defined.
#0 C:\xampp\htdocs\pendataan\system\Filters\Filters.php(496): CodeIgniter\Filters\Exceptions\FilterException::forNoAlias('isLoggedIn')
#1 C:\xampp\htdocs\pendataan\system\Filters\Filters.php(243): CodeIgniter\Filters\Filters->processAliasesToClass('before')
#2 C:\xampp\htdocs\pendataan\system\Filters\Filters.php(163): CodeIgniter\Filters\Filters->initialize('/')
#3 C:\xampp\htdocs\pendataan\system\CodeIgniter.php(384): CodeIgniter\Filters\Filters->run('/', 'before')
#4 C:\xampp\htdocs\pendataan\system\CodeIgniter.php(318): CodeIgniter\CodeIgniter->handleRequest(NULL, Object(Config\Cache), false)
#5 C:\xampp\htdocs\pendataan\public\index.php(37): CodeIgniter\CodeIgniter->run()
#6 C:\xampp\htdocs\pendataan\system\Commands\Server\rewrite.php(43): require_once('C:\\xampp\\htdocs...')
#7 {main}
CRITICAL - 2022-01-17 07:18:19 --> isLoggedIn filter must have a matching alias defined.
#0 C:\xampp\htdocs\pendataan\system\Filters\Filters.php(496): CodeIgniter\Filters\Exceptions\FilterException::forNoAlias('isLoggedIn')
#1 C:\xampp\htdocs\pendataan\system\Filters\Filters.php(243): CodeIgniter\Filters\Filters->processAliasesToClass('before')
#2 C:\xampp\htdocs\pendataan\system\Filters\Filters.php(163): CodeIgniter\Filters\Filters->initialize('/')
#3 C:\xampp\htdocs\pendataan\system\CodeIgniter.php(384): CodeIgniter\Filters\Filters->run('/', 'before')
#4 C:\xampp\htdocs\pendataan\system\CodeIgniter.php(318): CodeIgniter\CodeIgniter->handleRequest(NULL, Object(Config\Cache), false)
#5 C:\xampp\htdocs\pendataan\public\index.php(37): CodeIgniter\CodeIgniter->run()
#6 C:\xampp\htdocs\pendataan\system\Commands\Server\rewrite.php(43): require_once('C:\\xampp\\htdocs...')
#7 {main}
CRITICAL - 2022-01-17 07:44:51 --> Too few arguments to function App\Controllers\Pimpinan::detail(), 0 passed in C:\xampp\htdocs\pendataan\system\CodeIgniter.php on line 824 and exactly 1 expected
#0 C:\xampp\htdocs\pendataan\system\CodeIgniter.php(824): App\Controllers\Pimpinan->detail()
#1 C:\xampp\htdocs\pendataan\system\CodeIgniter.php(410): CodeIgniter\CodeIgniter->runController(Object(App\Controllers\Pimpinan))
#2 C:\xampp\htdocs\pendataan\system\CodeIgniter.php(318): CodeIgniter\CodeIgniter->handleRequest(NULL, Object(Config\Cache), false)
#3 C:\xampp\htdocs\pendataan\public\index.php(37): CodeIgniter\CodeIgniter->run()
#4 C:\xampp\htdocs\pendataan\system\Commands\Server\rewrite.php(43): require_once('C:\\xampp\\htdocs...')
#5 {main}
